Compiled jquery.js  (2ms)  (pid 53094)
Compiled jquery_ujs.js  (0ms)  (pid 53094)
Compiled twitter/bootstrap/bootstrap-transition.js  (0ms)  (pid 53094)
Compiled twitter/bootstrap/bootstrap-alert.js  (0ms)  (pid 53094)
Compiled twitter/bootstrap/bootstrap-modal.js  (0ms)  (pid 53094)
Compiled twitter/bootstrap/bootstrap-dropdown.js  (0ms)  (pid 53094)
Compiled twitter/bootstrap/bootstrap-scrollspy.js  (0ms)  (pid 53094)
Compiled twitter/bootstrap/bootstrap-tab.js  (0ms)  (pid 53094)
Compiled twitter/bootstrap/bootstrap-tooltip.js  (0ms)  (pid 53094)
Compiled twitter/bootstrap/bootstrap-popover.js  (0ms)  (pid 53094)
Compiled twitter/bootstrap/bootstrap-button.js  (0ms)  (pid 53094)
Compiled twitter/bootstrap/bootstrap-collapse.js  (0ms)  (pid 53094)
Compiled twitter/bootstrap/bootstrap-carousel.js  (0ms)  (pid 53094)
Compiled twitter/bootstrap/bootstrap-typeahead.js  (0ms)  (pid 53094)
Compiled twitter/bootstrap.js  (120ms)  (pid 53094)
Compiled bills.js  (102ms)  (pid 53094)
Compiled bootstrap.js  (5ms)  (pid 53094)
Compiled positions.js  (2ms)  (pid 53094)
Compiled representatives.js  (1ms)  (pid 53094)
Compiled teams.js  (0ms)  (pid 53094)
Compiled jquery-ui.min.js  (1ms)  (pid 53094)
Compiled application.js  (350ms)  (pid 53094)
Compiled bills.css  (34ms)  (pid 53094)
Compiled bootstrap_and_overrides.css  (704ms)  (pid 53094)
Compiled caucuses.css  (1ms)  (pid 53094)
Compiled positions.css  (1ms)  (pid 53094)
Compiled representative.css  (1ms)  (pid 53094)
Compiled representatives.css  (1ms)  (pid 53094)
Compiled teams.css  (4ms)  (pid 53094)
Compiled application.css  (821ms)  (pid 53094)
Compiled jquery.js  (2ms)  (pid 53094)
Compiled jquery_ujs.js  (0ms)  (pid 53094)
Compiled twitter/bootstrap/bootstrap-transition.js  (0ms)  (pid 53094)
Compiled twitter/bootstrap/bootstrap-alert.js  (0ms)  (pid 53094)
Compiled twitter/bootstrap/bootstrap-modal.js  (0ms)  (pid 53094)
Compiled twitter/bootstrap/bootstrap-dropdown.js  (0ms)  (pid 53094)
Compiled twitter/bootstrap/bootstrap-scrollspy.js  (0ms)  (pid 53094)
Compiled twitter/bootstrap/bootstrap-tab.js  (0ms)  (pid 53094)
Compiled twitter/bootstrap/bootstrap-tooltip.js  (0ms)  (pid 53094)
Compiled twitter/bootstrap/bootstrap-popover.js  (0ms)  (pid 53094)
Compiled twitter/bootstrap/bootstrap-button.js  (0ms)  (pid 53094)
Compiled twitter/bootstrap/bootstrap-collapse.js  (0ms)  (pid 53094)
Compiled twitter/bootstrap/bootstrap-carousel.js  (0ms)  (pid 53094)
Compiled twitter/bootstrap/bootstrap-typeahead.js  (0ms)  (pid 53094)
Compiled twitter/bootstrap.js  (158ms)  (pid 53094)
Compiled bills.js  (76ms)  (pid 53094)
Compiled bootstrap.js  (5ms)  (pid 53094)
Compiled positions.js  (2ms)  (pid 53094)
Compiled representatives.js  (1ms)  (pid 53094)
Compiled teams.js  (1ms)  (pid 53094)
Compiled jquery-ui.min.js  (2ms)  (pid 53094)
Compiled application.js  (357ms)  (pid 53094)
Compiled bills.css  (4ms)  (pid 53094)
Compiled bootstrap_and_overrides.css  (511ms)  (pid 53094)
Compiled caucuses.css  (2ms)  (pid 53094)
Compiled positions.css  (1ms)  (pid 53094)
Compiled representative.css  (2ms)  (pid 53094)
Compiled representatives.css  (1ms)  (pid 53094)
Compiled teams.css  (7ms)  (pid 53094)
Compiled application.css  (604ms)  (pid 53094)
